<?xml version="1.0" encoding="UTF-8"?>
<!-- Generated by org.testng.reporters.JUnitReportReporter -->
<testsuite skipped="0" hostname="DESKTOP-HR5TD9H" name="com.crm.qa.testcases.HomePageTest" tests="4" failures="0" timestamp="2020-09-03T11:22:14 IST" time="72.188" errors="0">
  <testcase name="validatHomePageTitleTest" time="12.813" classname="com.crm.qa.testcases.HomePageTest"/>
  <system-out/>
  <testcase name="verifyHomePageLogoTest" time="19.094" classname="com.crm.qa.testcases.HomePageTest"/>
  <system-out/>
  <testcase name="verifyUserNameLabelTest" time="20.937" classname="com.crm.qa.testcases.HomePageTest"/>
  <system-out/>
  <testcase name="verifyContactLinkPage" time="19.344" classname="com.crm.qa.testcases.HomePageTest"/>
  <system-out/>
</testsuite> <!-- com.crm.qa.testcases.HomePageTest -->
