<?xml version="1.0" encoding="UTF-8"?>
<!-- Generated by org.testng.reporters.JUnitReportReporter -->
<testsuite skipped="0" hostname="DESKTOP-HR5TD9H" name="com.crm.qa.testcases.ContactsPageTest" tests="4" failures="0" timestamp="2020-09-05T12:15:30 IST" time="86.607" errors="0">
  <testcase name="validateNewContact" time="20.637" classname="com.crm.qa.testcases.ContactsPageTest"/>
  <system-out/>
  <testcase name="validateNewContact" time="20.746" classname="com.crm.qa.testcases.ContactsPageTest"/>
  <system-out/>
  <testcase name="validateNewContact" time="23.087" classname="com.crm.qa.testcases.ContactsPageTest"/>
  <system-out/>
  <testcase name="validateNewContact" time="22.137" classname="com.crm.qa.testcases.ContactsPageTest"/>
  <system-out/>
</testsuite> <!-- com.crm.qa.testcases.ContactsPageTest -->
