<?xml version="1.0" encoding="UTF-8"?>
<!-- Generated by org.testng.reporters.JUnitReportReporter -->
<testsuite skipped="0" hostname="DESKTOP-HR5TD9H" name="com.crm.qa.testcases.ContactsPageTest" tests="2" failures="0" timestamp="2020-09-03T11:22:14 IST" time="38.442" errors="0">
  <testcase name="verifyContactsPageLabel" time="16.411" classname="com.crm.qa.testcases.ContactsPageTest"/>
  <system-out/>
  <testcase name="validateNewContact" time="22.031" classname="com.crm.qa.testcases.ContactsPageTest"/>
  <system-out/>
</testsuite> <!-- com.crm.qa.testcases.ContactsPageTest -->
