<?xml version="1.0" encoding="UTF-8"?>
<!-- Generated by org.testng.reporters.JUnitReportReporter -->
<testsuite skipped="0" hostname="DESKTOP-HR5TD9H" name="com.crm.qa.testcases.HomePageTest" tests="4" failures="0" timestamp="2020-09-03T12:47:49 IST" time="94.993" errors="0">
  <testcase name="validatHomePageTitleTest" time="30.867" classname="com.crm.qa.testcases.HomePageTest"/>
  <system-out/>
  <testcase name="verifyHomePageLogoTest" time="21.499" classname="com.crm.qa.testcases.HomePageTest"/>
  <system-out/>
  <testcase name="verifyUserNameLabelTest" time="20.619" classname="com.crm.qa.testcases.HomePageTest"/>
  <system-out/>
  <testcase name="verifyContactLinkPage" time="22.008" classname="com.crm.qa.testcases.HomePageTest"/>
  <system-out/>
</testsuite> <!-- com.crm.qa.testcases.HomePageTest -->
