<?xml version="1.0" encoding="UTF-8"?>
<!-- Generated by org.testng.reporters.JUnitReportReporter -->
<testsuite skipped="0" hostname="DESKTOP-HR5TD9H" name="com.crm.qa.testcases.LoginPageTest" tests="3" failures="0" timestamp="2020-09-03T12:47:49 IST" time="42.242" errors="0">
  <testcase name="loginPageTitleTest" time="15.616" classname="com.crm.qa.testcases.LoginPageTest"/>
  <system-out/>
  <testcase name="loginPageForgetPasswordTest" time="11.732" classname="com.crm.qa.testcases.LoginPageTest"/>
  <system-out/>
  <testcase name="logintest" time="14.894" classname="com.crm.qa.testcases.LoginPageTest"/>
  <system-out/>
</testsuite> <!-- com.crm.qa.testcases.LoginPageTest -->
